<?xml version="1.0" encoding="UTF-8"?>
<!-- Generated by org.testng.reporters.JUnitReportReporter -->
<testsuite hostname="LDNY7XT2" failures="0" tests="3" name="com.test.TestNgConcepts" time="0.012" errors="0" timestamp="2022-07-28T22:36:23 IST" skipped="0">
  <testcase classname="com.test.TestNgConcepts" name="SearchTest" time="0.001"/>
  <system-out/>
  <testcase classname="com.test.TestNgConcepts" name="LoginTest" time="0.010"/>
  <system-out/>
  <testcase classname="com.test.TestNgConcepts" name="HomepageTest" time="0.001"/>
  <system-out/>
</testsuite> <!-- com.test.TestNgConcepts -->
