<?xml version="1.0" encoding="UTF-8"?>
<!-- Generated by org.testng.reporters.JUnitReportReporter -->
<testsuite hostname="LDNY7XT2" failures="0" tests="10" name="com.test.InvocationCountTest" time="0.023" errors="0" timestamp="2022-07-28T22:39:07 IST" skipped="0">
  <testcase classname="com.test.InvocationCountTest" name="sum" time="0.002"/>
  <system-out/>
  <testcase classname="com.test.InvocationCountTest" name="sum" time="0.001"/>
  <system-out/>
  <testcase classname="com.test.InvocationCountTest" name="sum" time="0.011"/>
  <system-out/>
  <testcase classname="com.test.InvocationCountTest" name="sum" time="0.003"/>
  <system-out/>
  <testcase classname="com.test.InvocationCountTest" name="sum" time="0.001"/>
  <system-out/>
  <testcase classname="com.test.InvocationCountTest" name="sum" time="0.001"/>
  <system-out/>
  <testcase classname="com.test.InvocationCountTest" name="sum" time="0.001"/>
  <system-out/>
  <testcase classname="com.test.InvocationCountTest" name="sum" time="0.001"/>
  <system-out/>
  <testcase classname="com.test.InvocationCountTest" name="sum" time="0.002"/>
  <system-out/>
  <testcase classname="com.test.InvocationCountTest" name="sum" time="0.000"/>
  <system-out/>
</testsuite> <!-- com.test.InvocationCountTest -->
