<?xml version="1.0" encoding="UTF-8"?>
<!-- Generated by org.testng.reporters.JUnitReportReporter -->
<testsuite hostname="LDNY7XT2" failures="0" tests="5" name="com.test.GoogleTest" time="61.277" errors="0" timestamp="2022-07-28T22:20:39 IST" skipped="0">
  <testcase classname="com.test.GoogleTest" name="VerifyHomePage" time="18.339"/>
  <system-out/>
  <testcase classname="com.test.GoogleTest" name="EnterData" time="15.627"/>
  <system-out/>
  <testcase classname="com.test.GoogleTest" name="test3" time="8.324"/>
  <system-out/>
  <testcase classname="com.test.GoogleTest" name="test2" time="7.632"/>
  <system-out/>
  <testcase classname="com.test.GoogleTest" name="test1" time="11.355"/>
  <system-out/>
</testsuite> <!-- com.test.GoogleTest -->
