<?xml version="1.0" encoding="UTF-8"?>
<!-- Generated by org.testng.reporters.JUnitReportReporter -->
<testsuite hostname="LDNY7XT2" failures="0" tests="2" name="com.test.TestNgBasics" time="0.009" errors="0" timestamp="2022-07-26T22:31:49 IST" skipped="0">
  <testcase classname="com.test.TestNgBasics" name="GoogleTitleTest" time="0.006"/>
  <system-out/>
  <testcase classname="com.test.TestNgBasics" name="homecheck" time="0.003"/>
  <system-out/>
</testsuite> <!-- com.test.TestNgBasics -->
